<?xml version="1.0" encoding="UTF-8"?>
<testng-results skipped="0" failed="0" ignored="0" total="1" passed="1">
  <reporter-output>
  </reporter-output>
  <suite name="Suite" duration-ms="90488" started-at="2019-05-14T17:21:20Z" finished-at="2019-05-14T17:22:51Z">
    <groups>
    </groups>
    <test name="Test" duration-ms="90488" started-at="2019-05-14T17:21:20Z" finished-at="2019-05-14T17:22:51Z">
      <class name="com.login.LoginTestApplication">
        <test-method status="PASS" signature="setUp()[pri:0, instance:com.login.LoginTestApplication@66a3ffec]" name="setUp" is-config="true" duration-ms="10879" started-at="2019-05-14T17:21:20Z" finished-at="2019-05-14T17:21:31Z">
          <reporter-output>
          </reporter-output>
        </test-method> <!-- setUp -->
        <test-method status="PASS" signature="loginVerification()[pri:0, instance:com.login.LoginTestApplication@66a3ffec]" name="loginVerification" duration-ms="78730" started-at="2019-05-14T17:21:31Z" finished-at="2019-05-14T17:22:50Z">
          <reporter-output>
          </reporter-output>
        </test-method> <!-- loginVerification -->
        <test-method status="PASS" signature="tierDown()[pri:0, instance:com.login.LoginTestApplication@66a3ffec]" name="tierDown" is-config="true" duration-ms="848" started-at="2019-05-14T17:22:50Z" finished-at="2019-05-14T17:22:51Z">
          <reporter-output>
          </reporter-output>
        </test-method> <!-- tierDown -->
      </class> <!-- com.login.LoginTestApplication -->
    </test> <!-- Test -->
  </suite> <!-- Suite -->
</testng-results>
