<?xml version="1.0" encoding="UTF-8"?>
<testng-results skipped="0" failed="0" ignored="0" total="1" passed="1">
  <reporter-output>
  </reporter-output>
  <suite name="Command line suite" duration-ms="87722" started-at="2019-05-14T17:30:11Z" finished-at="2019-05-14T17:31:39Z">
    <groups>
    </groups>
    <test name="Command line test" duration-ms="87722" started-at="2019-05-14T17:30:11Z" finished-at="2019-05-14T17:31:39Z">
      <class name="com.login.LoginTestApplicationTest">
        <test-method status="PASS" signature="setUp()[pri:0, instance:com.login.LoginTestApplicationTest@1324409e]" name="setUp" is-config="true" duration-ms="4713" started-at="2019-05-14T17:30:11Z" finished-at="2019-05-14T17:30:16Z">
          <reporter-output>
          </reporter-output>
        </test-method> <!-- setUp -->
        <test-method status="PASS" signature="loginVerification()[pri:0, instance:com.login.LoginTestApplicationTest@1324409e]" name="loginVerification" duration-ms="82148" started-at="2019-05-14T17:30:16Z" finished-at="2019-05-14T17:31:38Z">
          <reporter-output>
          </reporter-output>
        </test-method> <!-- loginVerification -->
        <test-method status="PASS" signature="tierDown()[pri:0, instance:com.login.LoginTestApplicationTest@1324409e]" name="tierDown" is-config="true" duration-ms="818" started-at="2019-05-14T17:31:38Z" finished-at="2019-05-14T17:31:39Z">
          <reporter-output>
          </reporter-output>
        </test-method> <!-- tierDown -->
      </class> <!-- com.login.LoginTestApplicationTest -->
    </test> <!-- Command line test -->
  </suite> <!-- Command line suite -->
</testng-results>
