<?xml version="1.0" encoding="UTF-8"?>
<testng-results skipped="0" failed="0" ignored="0" total="1" passed="1">
  <reporter-output>
  </reporter-output>
  <suite name="Command line suite" duration-ms="44" started-at="2019-05-14T17:31:39Z" finished-at="2019-05-14T17:31:39Z">
    <groups>
    </groups>
    <test name="Command line test" duration-ms="44" started-at="2019-05-14T17:31:39Z" finished-at="2019-05-14T17:31:39Z">
      <class name="com.login.AppTest">
        <test-method status="PASS" signature="testApp()" name="testApp" duration-ms="14" started-at="2019-05-14T17:31:39Z" finished-at="2019-05-14T17:31:39Z">
          <reporter-output>
          </reporter-output>
        </test-method> <!-- testApp -->
      </class> <!-- com.login.AppTest -->
    </test> <!-- Command line test -->
  </suite> <!-- Command line suite -->
</testng-results>
